0 info it worked if it ends with ok
1 verbose cli [ '/usr/bin/node',
1 verbose cli   '/usr/bin/npm',
1 verbose cli   'install',
1 verbose cli   'grunt',
1 verbose cli   'grunticon' ]
2 info using npm@1.4.28
3 info using node@v0.10.33
4 verbose node symlink /usr/bin/node
5 warn package.json transmission@1.0.0 No description
6 warn package.json transmission@1.0.0 No repository field.
7 warn package.json transmission@1.0.0 No README data
8 warn package.json grunt-contrib-htmlmin@0.1.3 No README data
9 warn package.json karma-chrome-launcher@0.1.5 No README data
10 verbose readDependencies using package.json deps
11 verbose cache add [ 'grunt', null ]
12 verbose cache add name=undefined spec="grunt" args=["grunt",null]
13 verbose parsed url { protocol: null,
13 verbose parsed url   slashes: null,
13 verbose parsed url   auth: null,
13 verbose parsed url   host: null,
13 verbose parsed url   port: null,
13 verbose parsed url   hostname: null,
13 verbose parsed url   hash: null,
13 verbose parsed url   search: null,
13 verbose parsed url   query: null,
13 verbose parsed url   pathname: 'grunt',
13 verbose parsed url   path: 'grunt',
13 verbose parsed url   href: 'grunt' }
14 verbose cache add [ 'grunticon', null ]
15 verbose cache add name=undefined spec="grunticon" args=["grunticon",null]
16 verbose parsed url { protocol: null,
16 verbose parsed url   slashes: null,
16 verbose parsed url   auth: null,
16 verbose parsed url   host: null,
16 verbose parsed url   port: null,
16 verbose parsed url   hostname: null,
16 verbose parsed url   hash: null,
16 verbose parsed url   search: null,
16 verbose parsed url   query: null,
16 verbose parsed url   pathname: 'grunticon',
16 verbose parsed url   path: 'grunticon',
16 verbose parsed url   href: 'grunticon' }
17 silly lockFile 20ff3fd8-grunt grunt
18 verbose lock grunt /home/dschau/.npm/20ff3fd8-grunt.lock
19 silly lockFile f0027352-grunticon grunticon
20 verbose lock grunticon /home/dschau/.npm/f0027352-grunticon.lock
21 silly lockFile 20ff3fd8-grunt grunt
22 silly lockFile 20ff3fd8-grunt grunt
23 silly lockFile f0027352-grunticon grunticon
24 silly lockFile f0027352-grunticon grunticon
25 verbose addNamed [ 'grunt', '' ]
26 verbose addNamed [ null, '*' ]
27 silly lockFile 55f1ff24-grunt grunt@
28 verbose lock grunt@ /home/dschau/.npm/55f1ff24-grunt.lock
29 verbose addNamed [ 'grunticon', '' ]
30 verbose addNamed [ null, '*' ]
31 silly lockFile fc611283-grunticon grunticon@
32 verbose lock grunticon@ /home/dschau/.npm/fc611283-grunticon.lock
33 silly addNameRange { name: 'grunt', range: '*', hasData: false }
34 silly addNameRange { name: 'grunticon', range: '*', hasData: false }
35 verbose request where is /grunticon
36 verbose request registry https://registry.npmjs.org/
37 verbose request id 42200c84be42fd42
38 verbose url raw /grunticon
39 verbose url resolving [ 'https://registry.npmjs.org/', './grunticon' ]
40 verbose url resolved https://registry.npmjs.org/grunticon
41 verbose request where is https://registry.npmjs.org/grunticon
42 info trying registry request attempt 1 at 19:59:43
43 http GET https://registry.npmjs.org/grunticon
44 verbose request where is /grunt
45 verbose request registry https://registry.npmjs.org/
46 verbose url raw /grunt
47 verbose url resolving [ 'https://registry.npmjs.org/', './grunt' ]
48 verbose url resolved https://registry.npmjs.org/grunt
49 verbose request where is https://registry.npmjs.org/grunt
50 info trying registry request attempt 1 at 19:59:43
51 verbose etag "41VXJMQ5VEKVFK2TLA2SRBJU3"
52 http GET https://registry.npmjs.org/grunt
53 http 304 https://registry.npmjs.org/grunt
54 silly registry.get cb [ 304,
54 silly registry.get   { date: 'Sun, 30 Nov 2014 01:59:43 GMT',
54 silly registry.get     server: 'Apache',
54 silly registry.get     via: '1.1 varnish',
54 silly registry.get     'last-modified': 'Sun, 30 Nov 2014 01:59:43 GMT',
54 silly registry.get     'cache-control': 'max-age=60',
54 silly registry.get     etag: '"41VXJMQ5VEKVFK2TLA2SRBJU3"',
54 silly registry.get     age: '12',
54 silly registry.get     'x-served-by': 'cache-dfw1826-DFW',
54 silly registry.get     'x-cache': 'HIT',
54 silly registry.get     'x-cache-hits': '1',
54 silly registry.get     'x-timer': 'S1417312783.040863,VS0,VE0',
54 silly registry.get     vary: 'Accept',
54 silly registry.get     'content-length': '0',
54 silly registry.get     'keep-alive': 'timeout=10, max=50',
54 silly registry.get     connection: 'Keep-Alive' } ]
55 verbose etag https://registry.npmjs.org/grunt from cache
56 silly addNameRange number 2 { name: 'grunt', range: '*', hasData: true }
57 silly addNameRange versions [ 'grunt',
57 silly addNameRange   [ '0.1.0',
57 silly addNameRange     '0.1.1',
57 silly addNameRange     '0.1.2',
57 silly addNameRange     '0.2.0',
57 silly addNameRange     '0.2.1',
57 silly addNameRange     '0.2.2',
57 silly addNameRange     '0.2.3',
57 silly addNameRange     '0.2.4',
57 silly addNameRange     '0.2.5',
57 silly addNameRange     '0.2.6',
57 silly addNameRange     '0.2.7',
57 silly addNameRange     '0.2.8',
57 silly addNameRange     '0.2.9',
57 silly addNameRange     '0.2.10',
57 silly addNameRange     '0.2.11',
57 silly addNameRange     '0.2.12',
57 silly addNameRange     '0.2.13',
57 silly addNameRange     '0.2.14',
57 silly addNameRange     '0.2.15',
57 silly addNameRange     '0.3.0',
57 silly addNameRange     '0.3.1',
57 silly addNameRange     '0.3.2',
57 silly addNameRange     '0.3.3',
57 silly addNameRange     '0.3.4',
57 silly addNameRange     '0.3.5',
57 silly addNameRange     '0.3.6',
57 silly addNameRange     '0.3.7',
57 silly addNameRange     '0.3.8',
57 silly addNameRange     '0.3.9',
57 silly addNameRange     '0.3.10',
57 silly addNameRange     '0.3.11',
57 silly addNameRange     '0.3.12',
57 silly addNameRange     '0.3.13',
57 silly addNameRange     '0.3.14',
57 silly addNameRange     '0.3.15',
57 silly addNameRange     '0.3.16',
57 silly addNameRange     '0.3.17',
57 silly addNameRange     '0.4.0',
57 silly addNameRange     '0.4.1',
57 silly addNameRange     '0.4.2',
57 silly addNameRange     '0.4.3',
57 silly addNameRange     '0.4.4',
57 silly addNameRange     '0.4.5',
57 silly addNameRange     '0.3.13-a',
57 silly addNameRange     '0.4.0-a',
57 silly addNameRange     '0.4.0-rc1',
57 silly addNameRange     '0.4.0-rc2',
57 silly addNameRange     '0.4.0-rc3',
57 silly addNameRange     '0.4.0-rc4',
57 silly addNameRange     '0.4.0-rc5',
57 silly addNameRange     '0.4.0-rc6',
57 silly addNameRange     '0.4.0-rc7',
57 silly addNameRange     '0.4.0-rc8' ] ]
58 verbose addNamed [ 'grunt', '0.4.5' ]
59 verbose addNamed [ '0.4.5', '0.4.5' ]
60 silly lockFile 81abf7ad-grunt-0-4-5 grunt@0.4.5
61 verbose lock grunt@0.4.5 /home/dschau/.npm/81abf7ad-grunt-0-4-5.lock
62 silly lockFile 81abf7ad-grunt-0-4-5 grunt@0.4.5
63 silly lockFile 81abf7ad-grunt-0-4-5 grunt@0.4.5
64 silly lockFile 55f1ff24-grunt grunt@
65 silly lockFile 55f1ff24-grunt grunt@
66 http 404 https://registry.npmjs.org/grunticon
67 verbose headers { date: 'Sun, 30 Nov 2014 01:59:43 GMT',
67 verbose headers   server: 'CouchDB/1.5.0 (Erlang OTP/R16B03)',
67 verbose headers   'content-type': 'application/json',
67 verbose headers   'cache-control': 'max-age=0',
67 verbose headers   'content-length': '52',
67 verbose headers   'accept-ranges': 'bytes',
67 verbose headers   via: '1.1 varnish',
67 verbose headers   age: '0',
67 verbose headers   'x-served-by': 'cache-dfw1825-DFW',
67 verbose headers   'x-cache': 'MISS',
67 verbose headers   'x-cache-hits': '0',
67 verbose headers   'x-timer': 'S1417312783.037178,VS0,VE62',
67 verbose headers   'keep-alive': 'timeout=10, max=50',
67 verbose headers   connection: 'Keep-Alive' }
68 silly registry.get cb [ 404,
68 silly registry.get   { date: 'Sun, 30 Nov 2014 01:59:43 GMT',
68 silly registry.get     server: 'CouchDB/1.5.0 (Erlang OTP/R16B03)',
68 silly registry.get     'content-type': 'application/json',
68 silly registry.get     'cache-control': 'max-age=0',
68 silly registry.get     'content-length': '52',
68 silly registry.get     'accept-ranges': 'bytes',
68 silly registry.get     via: '1.1 varnish',
68 silly registry.get     age: '0',
68 silly registry.get     'x-served-by': 'cache-dfw1825-DFW',
68 silly registry.get     'x-cache': 'MISS',
68 silly registry.get     'x-cache-hits': '0',
68 silly registry.get     'x-timer': 'S1417312783.037178,VS0,VE62',
68 silly registry.get     'keep-alive': 'timeout=10, max=50',
68 silly registry.get     connection: 'Keep-Alive' } ]
69 silly lockFile fc611283-grunticon grunticon@
70 silly lockFile fc611283-grunticon grunticon@
71 error 404 404 Not Found: grunticon
71 error 404
71 error 404 'grunticon' is not in the npm registry.
71 error 404 You should bug the author to publish it
71 error 404 It was specified as a dependency of 'transmission'
71 error 404
71 error 404 Note that you can also install from a
71 error 404 tarball, folder, or http url, or git url.
72 error System Linux 3.13.0-40-generic
73 error command "/usr/bin/node" "/usr/bin/npm" "install" "grunt" "grunticon"
74 error cwd /home/dschau/Code/transmission
75 error node -v v0.10.33
76 error npm -v 1.4.28
77 error code E404
78 verbose exit [ 1, true ]
